<?xml version="1.0" encoding="UTF-8"?>
<testsuite name="zm.gov.moh.hie.scp.StreamingJobTest" tests="6" skipped="0" failures="0" errors="0" timestamp="2025-09-10T11:09:47.673Z" hostname="ZM-09-LSK-SWETM" time="0.666">
  <properties/>
  <testcase name="testMissingRequiredFields()" classname="zm.gov.moh.hie.scp.StreamingJobTest" time="0.619"/>
  <testcase name="testMultipleDrugsDispensation()" classname="zm.gov.moh.hie.scp.StreamingJobTest" time="0.013"/>
  <testcase name="testInvalidJsonHandling()" classname="zm.gov.moh.hie.scp.StreamingJobTest" time="0.007"/>
  <testcase name="testMapFunctionSerialization()" classname="zm.gov.moh.hie.scp.StreamingJobTest" time="0.009"/>
  <testcase name="testValidDispensationMessageProcessing()" classname="zm.gov.moh.hie.scp.StreamingJobTest" time="0.005"/>
  <testcase name="testHmisCodePrecedence()" classname="zm.gov.moh.hie.scp.StreamingJobTest" time="0.003"/>
  <system-out><![CDATA[]]></system-out>
  <system-err><![CDATA[]]></system-err>
</testsuite>
